<?xml version="1.0" encoding="UTF-8"?>
<!-- Generated by org.testng.reporters.JUnitReportReporter -->
<testsuite hostname="Tokyos-Air" failures="0" tests="9" name="runner.PolicyRunner" time="278.200" errors="0" timestamp="2021-10-15T08:07:40 SAST" skipped="0">
  <testcase classname="runner.PolicyRunner" name="PolicybyPolicyReference" time="18.840"/>
  <system-out/>
  <testcase classname="runner.PolicyRunner" name="PolicyListbyPolicyNumber" time="40.061"/>
  <system-out/>
  <testcase classname="runner.PolicyRunner" name="PolicybyIdentityNumber" time="23.151"/>
  <system-out/>
  <testcase classname="runner.PolicyRunner" name="DocumentsbyPolicyReference" time="83.371"/>
  <system-out/>
  <testcase classname="runner.PolicyRunner" name="UpdateBankAccountAndDebitDay" time="29.876"/>
  <system-out/>
  <testcase classname="runner.PolicyRunner" name="TESTPolicyHolderUpdate" time="12.058"/>
  <system-out/>
  <testcase classname="runner.PolicyRunner" name="UpdatePolicyHolder" time="12.270"/>
  <system-out/>
  <testcase classname="runner.PolicyRunner" name="ChangeBeneficiaries" time="38.108"/>
  <system-out/>
  <testcase classname="runner.PolicyRunner" name="UploadDocument" time="20.465"/>
  <system-out/>
</testsuite> <!-- runner.PolicyRunner -->
