<?xml version="1.0" encoding="UTF-8"?>
<!-- Generated by org.testng.reporters.JUnitReportReporter -->
<testsuite hostname="Tokyos-Air" failures="0" tests="7" name="runner.SoapTestsRunner" time="46.014" errors="0" timestamp="2021-10-12T06:51:39 SAST" skipped="0">
  <testcase classname="runner.SoapTestsRunner" name="validatePersonHighRisk" time="19.711"/>
  <system-out/>
  <testcase classname="runner.SoapTestsRunner" name="validatePersonPassPortNumber" time="5.795"/>
  <system-out/>
  <testcase classname="runner.SoapTestsRunner" name="validatePassPortValid" time="7.658"/>
  <system-out/>
  <testcase classname="runner.SoapTestsRunner" name="validatePersonTest" time="4.260"/>
  <system-out/>
  <testcase classname="runner.SoapTestsRunner" name="validatePersonVeryHigh" time="4.071"/>
  <system-out/>
  <testcase classname="runner.SoapTestsRunner" name="validateOrganisation" time="0.516"/>
  <system-out/>
  <testcase classname="runner.SoapTestsRunner" name="ScreenAndVerifyPartyPerson" time="4.003"/>
  <system-out/>
</testsuite> <!-- runner.SoapTestsRunner -->
