<?xml version="1.0" encoding="UTF-8"?>
<!-- Generated by org.testng.reporters.JUnitReportReporter -->
<testsuite hostname="Tokyos-Air" failures="0" tests="4" name="runner.CollectionRunner" time="41.214" errors="0" timestamp="2021-10-15T07:53:50 SAST" skipped="0">
  <testcase classname="runner.CollectionRunner" name="TC01PolicyByReferenceNumber" time="29.049"/>
  <system-out/>
  <testcase classname="runner.CollectionRunner" name="validateCreateCollections" time="2.504"/>
  <system-out/>
  <testcase classname="runner.CollectionRunner" name="TC03ConfirmCollection" time="5.798"/>
  <system-out/>
  <testcase classname="runner.CollectionRunner" name="TC04CancelCollection" time="3.863"/>
  <system-out/>
</testsuite> <!-- runner.CollectionRunner -->
