<?xml version="1.0" encoding="UTF-8"?>
<!-- Generated by org.testng.reporters.JUnitReportReporter -->
<testsuite hostname="Tokyos-Air" failures="0" tests="1" name="runner.bankServiceRunner" time="5.249" errors="0" timestamp="2021-10-07T07:25:10 SAST" skipped="0">
  <testcase classname="runner.bankServiceRunner" name="QueryBranchByBankCode" time="5.249"/>
  <system-out/>
</testsuite> <!-- runner.bankServiceRunner -->
