<?xml version="1.0" encoding="UTF-8"?>
<!-- Generated by org.testng.reporters.JUnitReportReporter -->
<testsuite hostname="Tokyos-Air" failures="0" tests="4" name="runner.CollectionRunner" time="40.118" errors="0" timestamp="2021-11-11T05:13:12 SAST" skipped="0">
  <testcase classname="runner.CollectionRunner" name="TC01PolicyByReferenceNumber" time="29.698"/>
  <system-out/>
  <testcase classname="runner.CollectionRunner" name="validateCreateCollections" time="2.182"/>
  <system-out/>
  <testcase classname="runner.CollectionRunner" name="TC03ConfirmCollection" time="5.250"/>
  <system-out/>
  <testcase classname="runner.CollectionRunner" name="TC04CancelCollection" time="2.988"/>
  <system-out/>
</testsuite> <!-- runner.CollectionRunner -->
