<?xml version="1.0" encoding="UTF-8"?>
<!-- Generated by org.testng.reporters.JUnitReportReporter -->
<testsuite hostname="Tokyos-Air" failures="0" tests="1" name="runner.ApplicationRunner" time="5.021" errors="0" timestamp="2021-10-25T09:36:38 SAST" skipped="0">
  <testcase classname="runner.ApplicationRunner" name="CreateApplication" time="5.021"/>
  <system-out/>
</testsuite> <!-- runner.ApplicationRunner -->
