<?xml version="1.0" encoding="UTF-8"?>
<!-- Generated by org.testng.reporters.JUnitReportReporter -->
<testsuite skipped="0" hostname="Brads-MacBook-Air.local" name="runner.PartyVerificationRestRunner" tests="6" failures="0" timestamp="2021-10-21T16:59:27 SAST" time="36.525" errors="0">
  <testcase name="TC_001_PersonIdentification_Basic" time="14.390" classname="runner.PartyVerificationRestRunner"/>
  <system-out/>
  <testcase name="TC_002_PersonIdentification_Basic_Invalid_ID" time="2.813" classname="runner.PartyVerificationRestRunner"/>
  <system-out/>
  <testcase name="TC_003_PersonIdentification_Enhanced" time="7.390" classname="runner.PartyVerificationRestRunner"/>
  <system-out/>
  <testcase name="TC_004_PersonIdentification_Enhanced_Invalid_ID" time="2.734" classname="runner.PartyVerificationRestRunner"/>
  <system-out/>
  <testcase name="TC_005_PersonIdentificationComprehensiveWithMortalityInformation" time="6.045" classname="runner.PartyVerificationRestRunner"/>
  <system-out/>
  <testcase name="TC_006_PersonIdentificationComprehensiveWithMortalityInformation_Invalid_ID" time="3.153" classname="runner.PartyVerificationRestRunner"/>
  <system-out/>
</testsuite> <!-- runner.PartyVerificationRestRunner -->
