<?xml version="1.0" encoding="UTF-8"?>
<!-- Generated by org.testng.reporters.JUnitReportReporter -->
<testsuite hostname="Tokyos-Air" failures="0" tests="5" name="runner.ApiTests" time="5.092" errors="0" timestamp="2021-10-07T07:05:28 SAST" skipped="4">
  <testcase classname="runner.ApiTests" name="QueryBank" time="5.092"/>
  <system-out/>
  <testcase classname="runner.ApiTests" name="f3">
    <skipped/>
  </testcase> <!-- f3 -->
  <system-out/>
  <testcase classname="runner.ApiTests" name="f2">
    <skipped/>
  </testcase> <!-- f2 -->
  <system-out/>
  <testcase classname="runner.ApiTests" name="f1">
    <skipped/>
  </testcase> <!-- f1 -->
  <system-out/>
  <testcase classname="runner.ApiTests" name="f0">
    <skipped/>
  </testcase> <!-- f0 -->
  <system-out/>
</testsuite> <!-- runner.ApiTests -->
