<?xml version="1.0" encoding="UTF-8"?>
<!-- Generated by org.testng.reporters.JUnitReportReporter -->
<testsuite skipped="0" hostname="Brads-MacBook-Air.local" name="runner.CollectionRunner" tests="4" failures="0" timestamp="2021-10-25T10:57:11 SAST" time="49.071" errors="0">
  <testcase name="TC01PolicyByReferenceNumber" time="32.537" classname="runner.CollectionRunner"/>
  <system-out/>
  <testcase name="validateCreateCollections" time="4.234" classname="runner.CollectionRunner"/>
  <system-out/>
  <testcase name="TC03ConfirmCollection" time="8.041" classname="runner.CollectionRunner"/>
  <system-out/>
  <testcase name="TC04CancelCollection" time="4.259" classname="runner.CollectionRunner"/>
  <system-out/>
</testsuite> <!-- runner.CollectionRunner -->
