<?xml version="1.0" encoding="UTF-8"?>
<!-- Generated by org.testng.reporters.JUnitReportReporter -->
<testsuite skipped="0" hostname="Thabos-Air" name="runner.PolicyRunner" tests="9" failures="0" timestamp="2021-10-22T08:07:20 SAST" time="169.922" errors="0">
  <testcase name="PolicybyPolicyReference" time="5.539" classname="runner.PolicyRunner"/>
  <system-out/>
  <testcase name="PolicyListbyPolicyNumber" time="12.779" classname="runner.PolicyRunner"/>
  <system-out/>
  <testcase name="PolicybyIdentityNumber" time="19.404" classname="runner.PolicyRunner"/>
  <system-out/>
  <testcase name="DocumentsbyPolicyReference" time="84.243" classname="runner.PolicyRunner"/>
  <system-out/>
  <testcase name="UpdateBankAccountAndDebitDay" time="19.385" classname="runner.PolicyRunner"/>
  <system-out/>
  <testcase name="TESTPolicyHolderUpdate" time="10.208" classname="runner.PolicyRunner"/>
  <system-out/>
  <testcase name="UpdatePolicyHolder" time="9.498" classname="runner.PolicyRunner"/>
  <system-out/>
  <testcase name="ChangeBeneficiaries" time="7.134" classname="runner.PolicyRunner"/>
  <system-out/>
  <testcase name="UploadDocument" time="1.732" classname="runner.PolicyRunner"/>
  <system-out/>
</testsuite> <!-- runner.PolicyRunner -->
