<?xml version="1.0" encoding="UTF-8"?>
<!-- Generated by org.testng.reporters.JUnitReportReporter -->
<testsuite skipped="0" hostname="Thabos-Air" name="runner.CollectionRunner" tests="4" failures="0" timestamp="2021-10-20T10:23:47 SAST" time="19.737" errors="0">
  <testcase name="TC01PolicyByReferenceNumber" time="7.856" classname="runner.CollectionRunner"/>
  <system-out/>
  <testcase name="validateCreateCollections" time="3.092" classname="runner.CollectionRunner"/>
  <system-out/>
  <testcase name="TC03ConfirmCollection" time="4.401" classname="runner.CollectionRunner"/>
  <system-out/>
  <testcase name="TC04CancelCollection" time="4.388" classname="runner.CollectionRunner"/>
  <system-out/>
</testsuite> <!-- runner.CollectionRunner -->
