<?xml version="1.0" encoding="UTF-8"?>
<!-- Generated by org.testng.reporters.JUnitReportReporter -->
<testsuite hostname="Tokyos-Air" failures="0" tests="6" name="runner.PartyVerificationRestRunner" time="27.383" errors="0" timestamp="2021-10-21T16:01:00 SAST" skipped="2">
  <testcase classname="runner.PartyVerificationRestRunner" name="TC_003_PersonIdentification_Enhanced" time="14.475"/>
  <system-out/>
  <testcase classname="runner.PartyVerificationRestRunner" name="TC_004_PersonIdentification_Enhanced_Invalid_ID" time="2.631"/>
  <system-out/>
  <testcase classname="runner.PartyVerificationRestRunner" name="TC_005_PersonIdentificationComprehensiveWithMortalityInformation" time="6.278"/>
  <system-out/>
  <testcase classname="runner.PartyVerificationRestRunner" name="TC_006_PersonIdentificationComprehensiveWithMortalityInformation_Invalid_ID" time="3.999"/>
  <system-out/>
  <testcase classname="runner.PartyVerificationRestRunner" name="TC_002_PersonIdentification_Basic_Invalid_ID">
    <skipped/>
  </testcase> <!-- TC_002_PersonIdentification_Basic_Invalid_ID -->
  <system-out/>
  <testcase classname="runner.PartyVerificationRestRunner" name="TC_001_PersonIdentification_Basic">
    <skipped/>
  </testcase> <!-- TC_001_PersonIdentification_Basic -->
  <system-out/>
</testsuite> <!-- runner.PartyVerificationRestRunner -->
