<?xml version="1.0" encoding="UTF-8"?>
<!-- Generated by org.testng.reporters.JUnitReportReporter -->
<testsuite hostname="Tokyos-Air" failures="0" tests="4" name="runner.CollectionRunner" time="34.800" errors="0" timestamp="2021-11-16T06:18:11 SAST" skipped="0">
  <testcase classname="runner.CollectionRunner" name="TC01PolicyByReferenceNumber" time="26.234"/>
  <system-out/>
  <testcase classname="runner.CollectionRunner" name="validateCreateCollections" time="2.010"/>
  <system-out/>
  <testcase classname="runner.CollectionRunner" name="TC03ConfirmCollection" time="3.548"/>
  <system-out/>
  <testcase classname="runner.CollectionRunner" name="TC04CancelCollection" time="3.008"/>
  <system-out/>
</testsuite> <!-- runner.CollectionRunner -->
