<?xml version="1.0" encoding="UTF-8"?>
<!-- Generated by org.testng.reporters.JUnitReportReporter -->
<testsuite hostname="Tokyos-Air" failures="0" tests="7" name="runner.SoapTestsRunner" time="30.950" errors="0" timestamp="2021-10-15T08:00:40 SAST" skipped="0">
  <testcase classname="runner.SoapTestsRunner" name="validatePersonHighRisk" time="5.987"/>
  <system-out/>
  <testcase classname="runner.SoapTestsRunner" name="validatePersonPassPortNumber" time="4.512"/>
  <system-out/>
  <testcase classname="runner.SoapTestsRunner" name="validatePassPortValid" time="6.197"/>
  <system-out/>
  <testcase classname="runner.SoapTestsRunner" name="validatePersonTest" time="3.135"/>
  <system-out/>
  <testcase classname="runner.SoapTestsRunner" name="validatePersonVeryHigh" time="2.946"/>
  <system-out/>
  <testcase classname="runner.SoapTestsRunner" name="validateOrganisation" time="5.462"/>
  <system-out/>
  <testcase classname="runner.SoapTestsRunner" name="ScreenAndVerifyPartyPerson" time="2.711"/>
  <system-out/>
</testsuite> <!-- runner.SoapTestsRunner -->
