<?xml version="1.0" encoding="UTF-8"?>
<!-- Generated by org.testng.reporters.JUnitReportReporter -->
<testsuite skipped="0" hostname="SOF046" name="com.exergySoapRequest.PersonTest" tests="1" failures="0" timestamp="2021-09-09T11:26:13 CAT" time="2.702" errors="0">
  <testcase name="validatePersonTest" time="2.702" classname="com.exergySoapRequest.PersonTest"/>
  <system-out/>
</testsuite> <!-- com.exergySoapRequest.PersonTest -->
