<?xml version="1.0" encoding="UTF-8"?>
<!-- Generated by org.testng.reporters.JUnitReportReporter -->
<testsuite hostname="Tokyos-Air" failures="0" tests="1" name="runner.ProductRunner" time="8.555" errors="0" timestamp="2021-11-03T16:40:09 SAST" skipped="0">
  <testcase classname="runner.ProductRunner" name="TC_ProductRules1To9" time="8.555"/>
  <system-out/>
</testsuite> <!-- runner.ProductRunner -->
