<?xml version="1.0" encoding="UTF-8"?>
<!-- Generated by org.testng.reporters.JUnitReportReporter -->
<testsuite skipped="0" hostname="Thabos-Air" name="runner.ApplicationRunner" tests="1" failures="0" timestamp="2021-11-02T09:42:46 SAST" time="9.098" errors="0">
  <testcase name="CreateApplication" time="9.098" classname="runner.ApplicationRunner"/>
  <system-out/>
</testsuite> <!-- runner.ApplicationRunner -->
