<?xml version="1.0" encoding="UTF-8"?>
<!-- Generated by org.testng.reporters.JUnitReportReporter -->
<testsuite hostname="Tokyos-Air" failures="0" tests="7" name="runner.partyVerificationSoapRunner" time="61.815" errors="0" timestamp="2021-11-09T05:37:09 SAST" skipped="0">
  <testcase classname="runner.partyVerificationSoapRunner" name="validatePersonHighRisk" time="16.286"/>
  <system-out/>
  <testcase classname="runner.partyVerificationSoapRunner" name="validatePersonPassPortNumber" time="12.592"/>
  <system-out/>
  <testcase classname="runner.partyVerificationSoapRunner" name="validatePassPortValid" time="8.264"/>
  <system-out/>
  <testcase classname="runner.partyVerificationSoapRunner" name="validatePersonTest" time="6.311"/>
  <system-out/>
  <testcase classname="runner.partyVerificationSoapRunner" name="validatePersonVeryHigh" time="5.394"/>
  <system-out/>
  <testcase classname="runner.partyVerificationSoapRunner" name="validateOrganisation" time="7.277"/>
  <system-out/>
  <testcase classname="runner.partyVerificationSoapRunner" name="ScreenAndVerifyPartyPerson" time="5.691"/>
  <system-out/>
</testsuite> <!-- runner.partyVerificationSoapRunner -->
