<?xml version="1.0" encoding="UTF-8"?>
<!-- Generated by org.testng.reporters.JUnitReportReporter -->
<testsuite skipped="0" hostname="Thabos-Air" name="runner.PolicyRunner" tests="9" failures="0" timestamp="2021-10-20T10:30:37 SAST" time="186.431" errors="0">
  <testcase name="PolicybyPolicyReference" time="11.680" classname="runner.PolicyRunner"/>
  <system-out/>
  <testcase name="PolicyListbyPolicyNumber" time="14.948" classname="runner.PolicyRunner"/>
  <system-out/>
  <testcase name="PolicybyIdentityNumber" time="21.619" classname="runner.PolicyRunner"/>
  <system-out/>
  <testcase name="DocumentsbyPolicyReference" time="87.084" classname="runner.PolicyRunner"/>
  <system-out/>
  <testcase name="UpdateBankAccountAndDebitDay" time="16.289" classname="runner.PolicyRunner"/>
  <system-out/>
  <testcase name="TESTPolicyHolderUpdate" time="12.850" classname="runner.PolicyRunner"/>
  <system-out/>
  <testcase name="UpdatePolicyHolder" time="12.063" classname="runner.PolicyRunner"/>
  <system-out/>
  <testcase name="ChangeBeneficiaries" time="7.871" classname="runner.PolicyRunner"/>
  <system-out/>
  <testcase name="UploadDocument" time="2.027" classname="runner.PolicyRunner"/>
  <system-out/>
</testsuite> <!-- runner.PolicyRunner -->
