<?xml version="1.0" encoding="UTF-8"?>
<!-- Generated by org.testng.reporters.JUnitReportReporter -->
<testsuite hostname="Tokyos-Air" failures="0" tests="7" name="runner.partyVerificationSoapRunner" time="56.684" errors="0" timestamp="2021-11-11T05:22:07 SAST" skipped="0">
  <testcase classname="runner.partyVerificationSoapRunner" name="validatePersonHighRisk" time="14.705"/>
  <system-out/>
  <testcase classname="runner.partyVerificationSoapRunner" name="validatePersonPassPortNumber" time="11.620"/>
  <system-out/>
  <testcase classname="runner.partyVerificationSoapRunner" name="validatePassPortValid" time="9.202"/>
  <system-out/>
  <testcase classname="runner.partyVerificationSoapRunner" name="validatePersonTest" time="5.110"/>
  <system-out/>
  <testcase classname="runner.partyVerificationSoapRunner" name="validatePersonVeryHigh" time="4.731"/>
  <system-out/>
  <testcase classname="runner.partyVerificationSoapRunner" name="validateOrganisation" time="6.579"/>
  <system-out/>
  <testcase classname="runner.partyVerificationSoapRunner" name="ScreenAndVerifyPartyPerson" time="4.737"/>
  <system-out/>
</testsuite> <!-- runner.partyVerificationSoapRunner -->
