<?xml version="1.0" encoding="UTF-8"?>
<!-- Generated by org.testng.reporters.JUnitReportReporter -->
<testsuite skipped="0" hostname="Brads-MacBook-Air.local" name="runner.PartyVerificationRestRunner" tests="8" failures="0" timestamp="2021-10-22T16:32:48 SAST" time="49.266" errors="0">
  <testcase name="TC_001_PersonIdentification_Basic" time="9.104" classname="runner.PartyVerificationRestRunner"/>
  <system-out/>
  <testcase name="TC_002_PersonIdentification_Basic_Invalid_ID" time="5.596" classname="runner.PartyVerificationRestRunner"/>
  <system-out/>
  <testcase name="TC_003_PersonIdentification_Enhanced" time="9.106" classname="runner.PartyVerificationRestRunner"/>
  <system-out/>
  <testcase name="TC_004_PersonIdentification_Enhanced_Invalid_ID" time="3.042" classname="runner.PartyVerificationRestRunner"/>
  <system-out/>
  <testcase name="TC_005_PersonIdentificationComprehensiveWithMortalityInformation" time="6.152" classname="runner.PartyVerificationRestRunner"/>
  <system-out/>
  <testcase name="TC_006_PersonIdentificationComprehensiveWithMortalityInformation_Invalid_ID" time="4.378" classname="runner.PartyVerificationRestRunner"/>
  <system-out/>
  <testcase name="TC_007_PersonVerification_RiskRating_Low_ID" time="7.060" classname="runner.PartyVerificationRestRunner"/>
  <system-out/>
  <testcase name="TC_008_PersonVerification_RiskRating_Low_ID_Invalid_ID" time="4.828" classname="runner.PartyVerificationRestRunner"/>
  <system-out/>
</testsuite> <!-- runner.PartyVerificationRestRunner -->
