<?xml version="1.0" encoding="UTF-8"?>
<!-- Generated by org.testng.reporters.JUnitReportReporter -->
<testsuite skipped="0" hostname="Thabos-Air" name="runner.ProductRunner" tests="1" failures="0" timestamp="2021-11-08T10:55:45 SAST" time="20.022" errors="0">
  <testcase name="TC_Rates1To3" time="20.022" classname="runner.ProductRunner"/>
  <system-out/>
</testsuite> <!-- runner.ProductRunner -->
