<?xml version="1.0" encoding="UTF-8"?>
<!-- Generated by org.testng.reporters.JUnitReportReporter -->
<testsuite hostname="Tokyos-Air" failures="0" tests="9" name="runner.PolicyRunner" time="308.383" errors="0" timestamp="2021-10-28T06:12:14 SAST" skipped="0">
  <testcase classname="runner.PolicyRunner" name="PolicybyPolicyReference" time="32.308"/>
  <system-out/>
  <testcase classname="runner.PolicyRunner" name="PolicyListbyPolicyNumber" time="27.063"/>
  <system-out/>
  <testcase classname="runner.PolicyRunner" name="PolicybyIdentityNumber" time="115.713"/>
  <system-out/>
  <testcase classname="runner.PolicyRunner" name="DocumentsbyPolicyReference" time="78.518"/>
  <system-out/>
  <testcase classname="runner.PolicyRunner" name="UpdateBankAccountAndDebitDay" time="22.577"/>
  <system-out/>
  <testcase classname="runner.PolicyRunner" name="TESTPolicyHolderUpdate" time="12.779"/>
  <system-out/>
  <testcase classname="runner.PolicyRunner" name="UpdatePolicyHolder" time="10.935"/>
  <system-out/>
  <testcase classname="runner.PolicyRunner" name="ChangeBeneficiaries" time="6.619"/>
  <system-out/>
  <testcase classname="runner.PolicyRunner" name="UploadDocument" time="1.871"/>
  <system-out/>
</testsuite> <!-- runner.PolicyRunner -->
