<?xml version="1.0" encoding="UTF-8"?>
<!-- Generated by org.testng.reporters.JUnitReportReporter -->
<testsuite skipped="0" hostname="Thabos-Air" name="runner.PartyVerificationRestRunner" tests="1" failures="0" timestamp="2021-11-02T10:20:59 SAST" time="28.221" errors="0">
  <testcase name="TC_009_PersonVerification_Risk_Rating_High_IdentityNumber" time="28.221" classname="runner.PartyVerificationRestRunner"/>
  <system-out/>
</testsuite> <!-- runner.PartyVerificationRestRunner -->
