<?xml version="1.0" encoding="UTF-8"?>
<!-- Generated by org.testng.reporters.JUnitReportReporter -->
<testsuite hostname="SOF046" failures="0" tests="13" name="runner.ApiTests" time="8.881" errors="0" timestamp="2021-10-05T08:30:32 SAST" skipped="12">
  <testcase classname="runner.ApiTests" name="Rates" time="8.881"/>
  <system-out/>
  <testcase classname="runner.ApiTests" name="f7">
    <skipped/>
  </testcase> <!-- f7 -->
  <system-out/>
  <testcase classname="runner.ApiTests" name="f9">
    <skipped/>
  </testcase> <!-- f9 -->
  <system-out/>
  <testcase classname="runner.ApiTests" name="f6">
    <skipped/>
  </testcase> <!-- f6 -->
  <system-out/>
  <testcase classname="runner.ApiTests" name="CreateApplication">
    <skipped/>
  </testcase> <!-- CreateApplication -->
  <system-out/>
  <testcase classname="runner.ApiTests" name="f3">
    <skipped/>
  </testcase> <!-- f3 -->
  <system-out/>
  <testcase classname="runner.ApiTests" name="f8">
    <skipped/>
  </testcase> <!-- f8 -->
  <system-out/>
  <testcase classname="runner.ApiTests" name="f5">
    <skipped/>
  </testcase> <!-- f5 -->
  <system-out/>
  <testcase classname="runner.ApiTests" name="f2">
    <skipped/>
  </testcase> <!-- f2 -->
  <system-out/>
  <testcase classname="runner.ApiTests" name="f4">
    <skipped/>
  </testcase> <!-- f4 -->
  <system-out/>
  <testcase classname="runner.ApiTests" name="f1">
    <skipped/>
  </testcase> <!-- f1 -->
  <system-out/>
  <testcase classname="runner.ApiTests" name="f10">
    <skipped/>
  </testcase> <!-- f10 -->
  <system-out/>
  <testcase classname="runner.ApiTests" name="f0">
    <skipped/>
  </testcase> <!-- f0 -->
  <system-out/>
</testsuite> <!-- runner.ApiTests -->
