<?xml version="1.0" encoding="UTF-8"?>
<!-- Generated by org.testng.reporters.JUnitReportReporter -->
<testsuite skipped="0" hostname="Thabos-Air" name="runner.ApplicationRunner" tests="1" failures="0" timestamp="2021-10-26T09:50:38 SAST" time="7.574" errors="0">
  <testcase name="CreateApplicationBeneficiaries" time="7.574" classname="runner.ApplicationRunner"/>
  <system-out/>
</testsuite> <!-- runner.ApplicationRunner -->
