<?xml version="1.0" encoding="UTF-8"?>
<!-- Generated by org.testng.reporters.JUnitReportReporter -->
<testsuite skipped="0" hostname="Thabos-Air" name="runner.ProductRunner" tests="1" failures="0" timestamp="2021-11-03T16:31:13 SAST" time="10.654" errors="0">
  <testcase name="TC_ProductRules1To9" time="10.654" classname="runner.ProductRunner"/>
  <system-out/>
</testsuite> <!-- runner.ProductRunner -->
