<?xml version="1.0" encoding="UTF-8"?>
<!-- Generated by org.testng.reporters.JUnitReportReporter -->
<testsuite skipped="10" hostname="SOF046" name="runner.ApiTests" tests="11" failures="0" timestamp="2021-09-29T13:38:08 CAT" time="14.992" errors="0">
  <testcase name="f4" time="14.992" classname="runner.ApiTests"/>
  <system-out/>
  <testcase name="f7" classname="runner.ApiTests">
    <skipped/>
  </testcase> <!-- f7 -->
  <system-out/>
  <testcase name="f9" classname="runner.ApiTests">
    <skipped/>
  </testcase> <!-- f9 -->
  <system-out/>
  <testcase name="f6" classname="runner.ApiTests">
    <skipped/>
  </testcase> <!-- f6 -->
  <system-out/>
  <testcase name="f3" classname="runner.ApiTests">
    <skipped/>
  </testcase> <!-- f3 -->
  <system-out/>
  <testcase name="f8" classname="runner.ApiTests">
    <skipped/>
  </testcase> <!-- f8 -->
  <system-out/>
  <testcase name="f5" classname="runner.ApiTests">
    <skipped/>
  </testcase> <!-- f5 -->
  <system-out/>
  <testcase name="f2" classname="runner.ApiTests">
    <skipped/>
  </testcase> <!-- f2 -->
  <system-out/>
  <testcase name="f1" classname="runner.ApiTests">
    <skipped/>
  </testcase> <!-- f1 -->
  <system-out/>
  <testcase name="f10" classname="runner.ApiTests">
    <skipped/>
  </testcase> <!-- f10 -->
  <system-out/>
  <testcase name="f0" classname="runner.ApiTests">
    <skipped/>
  </testcase> <!-- f0 -->
  <system-out/>
</testsuite> <!-- runner.ApiTests -->
