<?xml version="1.0" encoding="UTF-8"?>
<!-- Generated by org.testng.reporters.JUnitReportReporter -->
<testsuite hostname="SOF046" failures="0" tests="35" name="runner.ApiTests" time="240.039" errors="0" timestamp="2021-10-06T07:31:40 SAST" skipped="4">
  <testcase classname="runner.ApiTests" name="f4" time="11.804"/>
  <system-out/>
  <testcase classname="runner.ApiTests" name="f5" time="3.754"/>
  <system-out/>
  <testcase classname="runner.ApiTests" name="f6" time="9.014"/>
  <system-out/>
  <testcase classname="runner.ApiTests" name="f7" time="2.770"/>
  <system-out/>
  <testcase classname="runner.ApiTests" name="f8" time="2.452"/>
  <system-out/>
  <testcase classname="runner.ApiTests" name="f9" time="0.149"/>
  <system-out/>
  <testcase classname="runner.ApiTests" name="f10" time="2.724"/>
  <system-out/>
  <testcase classname="runner.ApiTests" name="CreateApplication" time="10.520"/>
  <system-out/>
  <testcase classname="runner.ApiTests" name="createApplicationBenefits" time="2.022"/>
  <system-out/>
  <testcase classname="runner.ApiTests" name="createApplicationBeneficiaries" time="1.587"/>
  <system-out/>
  <testcase classname="runner.ApiTests" name="createApplicationStatus" time="1.477"/>
  <system-out/>
  <testcase classname="runner.ApiTests" name="getApplication" time="1.605"/>
  <system-out/>
  <testcase classname="runner.ApiTests" name="QualificationProduct60200000" time="6.777"/>
  <system-out/>
  <testcase classname="runner.ApiTests" name="QualificationProduct60200001NegetiveTest" time="8.909"/>
  <system-out/>
  <testcase classname="runner.ApiTests" name="QualificationProduct1960" time="1.050"/>
  <system-out/>
  <testcase classname="runner.ApiTests" name="QualificationProduct60100000" time="18.765"/>
  <system-out/>
  <testcase classname="runner.ApiTests" name="QualificationProduct60100001NegetiveTest" time="9.406"/>
  <system-out/>
  <testcase classname="runner.ApiTests" name="Rates" time="1.420"/>
  <system-out/>
  <testcase classname="runner.ApiTests" name="CreateApplicationPolicyHolder" time="1.677"/>
  <system-out/>
  <testcase classname="runner.ApiTests" name="CreateApplicationAcceptance" time="6.698"/>
  <system-out/>
  <testcase classname="runner.ApiTests" name="CreateApplicationPremiumCollection" time="1.405"/>
  <system-out/>
  <testcase classname="runner.ApiTests" name="PolicybyPolicyReference" time="2.211"/>
  <system-out/>
  <testcase classname="runner.ApiTests" name="PolicyListbyPolicyNumber" time="14.067"/>
  <system-out/>
  <testcase classname="runner.ApiTests" name="PolicybyIdentityNumber" time="18.952"/>
  <system-out/>
  <testcase classname="runner.ApiTests" name="DocumentsbyPolicyReference" time="74.426"/>
  <system-out/>
  <testcase classname="runner.ApiTests" name="UpdateBankAccountAndDebitDay" time="1.318"/>
  <system-out/>
  <testcase classname="runner.ApiTests" name="TESTPolicyHolderUpdate" time="1.265"/>
  <system-out/>
  <testcase classname="runner.ApiTests" name="ChangeBeneficiaries" time="11.996"/>
  <system-out/>
  <testcase classname="runner.ApiTests" name="UploadDocument" time="7.258"/>
  <system-out/>
  <testcase classname="runner.ApiTests" name="NIFPolicyHolderUpdate" time="1.261"/>
  <system-out/>
  <testcase classname="runner.ApiTests" name="UpdatePolicyHolder" time="1.300"/>
  <system-out/>
  <testcase classname="runner.ApiTests" name="f3">
    <skipped/>
  </testcase> <!-- f3 -->
  <system-out/>
  <testcase classname="runner.ApiTests" name="f2">
    <skipped/>
  </testcase> <!-- f2 -->
  <system-out/>
  <testcase classname="runner.ApiTests" name="f1">
    <skipped/>
  </testcase> <!-- f1 -->
  <system-out/>
  <testcase classname="runner.ApiTests" name="f0">
    <skipped/>
  </testcase> <!-- f0 -->
  <system-out/>
</testsuite> <!-- runner.ApiTests -->
