<?xml version="1.0" encoding="UTF-8"?>
<!-- Generated by org.testng.reporters.JUnitReportReporter -->
<testsuite hostname="Tokyos-Air" failures="0" tests="1" name="runner.PartyVerificationRestRunner" time="8.816" errors="0" timestamp="2021-10-25T05:55:04 SAST" skipped="0">
  <testcase classname="runner.PartyVerificationRestRunner" name="TC_013_PersonVerification_RiskRating_High_Passport" time="8.816"/>
  <system-out/>
</testsuite> <!-- runner.PartyVerificationRestRunner -->
