<?xml version="1.0" encoding="UTF-8"?>
<!-- Generated by org.testng.reporters.JUnitReportReporter -->
<testsuite skipped="0" hostname="SOF046" name="runner.runner2" tests="1" failures="0" timestamp="2021-08-30T09:15:56 CAT" time="4.139" errors="0">
  <testcase name="runScenario" time="4.139" classname="runner.runner2"/>
  <system-out/>
</testsuite> <!-- runner.runner2 -->
