<?xml version="1.0" encoding="UTF-8"?>
<!-- Generated by org.testng.reporters.JUnitReportReporter -->
<testsuite skipped="0" hostname="SOF046" name="runner.SoapApiRunner" tests="1" failures="0" timestamp="2021-09-01T16:40:25 CAT" time="4.305" errors="0">
  <testcase name="runScenario" time="4.305" classname="runner.SoapApiRunner"/>
  <system-out/>
</testsuite> <!-- runner.SoapApiRunner -->
