<?xml version="1.0" encoding="UTF-8"?>
<!-- Generated by org.testng.reporters.JUnitReportReporter -->
<testsuite hostname="Tokyos-Air" failures="0" tests="9" name="runner.PolicyRunner" time="183.570" errors="0" timestamp="2021-10-26T12:28:46 SAST" skipped="0">
  <testcase classname="runner.PolicyRunner" name="PolicybyPolicyReference" time="11.900"/>
  <system-out/>
  <testcase classname="runner.PolicyRunner" name="PolicyListbyPolicyNumber" time="23.581"/>
  <system-out/>
  <testcase classname="runner.PolicyRunner" name="PolicybyIdentityNumber" time="17.048"/>
  <system-out/>
  <testcase classname="runner.PolicyRunner" name="DocumentsbyPolicyReference" time="58.663"/>
  <system-out/>
  <testcase classname="runner.PolicyRunner" name="UpdateBankAccountAndDebitDay" time="21.871"/>
  <system-out/>
  <testcase classname="runner.PolicyRunner" name="TESTPolicyHolderUpdate" time="13.187"/>
  <system-out/>
  <testcase classname="runner.PolicyRunner" name="UpdatePolicyHolder" time="18.790"/>
  <system-out/>
  <testcase classname="runner.PolicyRunner" name="ChangeBeneficiaries" time="16.079"/>
  <system-out/>
  <testcase classname="runner.PolicyRunner" name="UploadDocument" time="2.451"/>
  <system-out/>
</testsuite> <!-- runner.PolicyRunner -->
