<?xml version="1.0" encoding="UTF-8"?>
<!-- Generated by org.testng.reporters.JUnitReportReporter -->
<testsuite skipped="0" hostname="Thabos-Air" name="runner.ApplicationRunner" tests="1" failures="0" timestamp="2021-10-21T12:32:16 SAST" time="31.501" errors="0">
  <testcase name="QualificationProduct60100001NegetiveTest" time="31.501" classname="runner.ApplicationRunner"/>
  <system-out/>
</testsuite> <!-- runner.ApplicationRunner -->
