<?xml version="1.0" encoding="UTF-8"?>
<!-- Generated by org.testng.reporters.JUnitReportReporter -->
<testsuite skipped="5" hostname="Thabos-Air" name="runner.PolicyRunner" tests="14" failures="0" timestamp="2021-10-13T15:53:37 SAST" time="260.868" errors="0">
  <testcase name="PolicybyPolicyReference" time="10.033" classname="runner.PolicyRunner"/>
  <system-out/>
  <testcase name="PolicyListbyPolicyNumber" time="23.094" classname="runner.PolicyRunner"/>
  <system-out/>
  <testcase name="PolicybyIdentityNumber" time="22.147" classname="runner.PolicyRunner"/>
  <system-out/>
  <testcase name="DocumentsbyPolicyReference" time="106.786" classname="runner.PolicyRunner"/>
  <system-out/>
  <testcase name="UpdateBankAccountAndDebitDay" time="32.326" classname="runner.PolicyRunner"/>
  <system-out/>
  <testcase name="TESTPolicyHolderUpdate" time="9.710" classname="runner.PolicyRunner"/>
  <system-out/>
  <testcase name="ChangeBeneficiaries" time="24.863" classname="runner.PolicyRunner"/>
  <system-out/>
  <testcase name="UploadDocument" time="22.721" classname="runner.PolicyRunner"/>
  <system-out/>
  <testcase name="UpdatePolicyHolder" time="9.188" classname="runner.PolicyRunner"/>
  <system-out/>
  <testcase name="f0" classname="runner.PolicyRunner">
    <skipped/>
  </testcase> <!-- f0 -->
  <system-out/>
  <testcase name="f2" classname="runner.PolicyRunner">
    <skipped/>
  </testcase> <!-- f2 -->
  <system-out/>
  <testcase name="NIFPolicyHolderUpdate" classname="runner.PolicyRunner">
    <skipped/>
  </testcase> <!-- NIFPolicyHolderUpdate -->
  <system-out/>
  <testcase name="f1" classname="runner.PolicyRunner">
    <skipped/>
  </testcase> <!-- f1 -->
  <system-out/>
  <testcase name="f3" classname="runner.PolicyRunner">
    <skipped/>
  </testcase> <!-- f3 -->
  <system-out/>
</testsuite> <!-- runner.PolicyRunner -->
