<?xml version="1.0" encoding="UTF-8"?>
<!-- Generated by org.testng.reporters.JUnitReportReporter -->
<testsuite hostname="Tokyos-Air" failures="0" tests="1" name="runner.ApplicationRunner" time="4.509" errors="0" timestamp="2021-10-18T15:07:26 SAST" skipped="0">
  <testcase classname="runner.ApplicationRunner" name="CreateApplication" time="4.509"/>
  <system-out/>
</testsuite> <!-- runner.ApplicationRunner -->
