<?xml version="1.0" encoding="UTF-8"?>
<!-- Generated by org.testng.reporters.JUnitReportReporter -->
<testsuite hostname="Tokyos-Air" failures="0" tests="1" name="runner.ProductRunner" time="12.332" errors="0" timestamp="2021-11-04T21:26:18 SAST" skipped="0">
  <testcase classname="runner.ProductRunner" name="TC_Rates1To3" time="12.332"/>
  <system-out/>
</testsuite> <!-- runner.ProductRunner -->
