<?xml version="1.0" encoding="UTF-8"?>
<!-- Generated by org.testng.reporters.JUnitReportReporter -->
<testsuite hostname="Tokyos-Air" failures="0" tests="4" name="runner.CollectionRunner" time="13.832" errors="0" timestamp="2021-10-28T11:06:45 SAST" skipped="0">
  <testcase classname="runner.CollectionRunner" name="TC01PolicyByReferenceNumber" time="4.983"/>
  <system-out/>
  <testcase classname="runner.CollectionRunner" name="validateCreateCollections" time="2.411"/>
  <system-out/>
  <testcase classname="runner.CollectionRunner" name="TC03ConfirmCollection" time="3.405"/>
  <system-out/>
  <testcase classname="runner.CollectionRunner" name="TC04CancelCollection" time="3.033"/>
  <system-out/>
</testsuite> <!-- runner.CollectionRunner -->
