<?xml version="1.0" encoding="UTF-8"?>
<!-- Generated by org.testng.reporters.JUnitReportReporter -->
<testsuite hostname="Tokyos-Air" failures="0" tests="1" name="runner.PolicyRunner" time="14.437" errors="0" timestamp="2021-10-18T15:11:04 SAST" skipped="0">
  <testcase classname="runner.PolicyRunner" name="PolicybyPolicyReference" time="14.437"/>
  <system-out/>
</testsuite> <!-- runner.PolicyRunner -->
