<?xml version="1.0" encoding="UTF-8"?>
<!-- Generated by org.testng.reporters.JUnitReportReporter -->
<testsuite hostname="Tokyos-Air" failures="0" tests="1" name="runner.Runner" time="8.196" errors="0" timestamp="2021-11-22T22:53:25 SAST" skipped="0">
  <testcase classname="runner.Runner" name="AddPet" time="8.196"/>
  <system-out/>
</testsuite> <!-- runner.Runner -->
