<?xml version="1.0" encoding="UTF-8"?>
<!-- Generated by org.testng.reporters.JUnitReportReporter -->
<testsuite skipped="0" hostname="Thabos-Air" name="runner.PartyVerificationRestRunner" tests="1" failures="0" timestamp="2021-10-27T12:47:53 SAST" time="4.167" errors="0">
  <testcase name="TC_018_PersonVerification_RiskRating_Low_ID_Invalid_Format" time="4.167" classname="runner.PartyVerificationRestRunner"/>
  <system-out/>
</testsuite> <!-- runner.PartyVerificationRestRunner -->
