<?xml version="1.0" encoding="UTF-8"?>
<!-- Generated by org.testng.reporters.JUnitReportReporter -->
<testsuite hostname="Tokyos-Air" failures="0" tests="9" name="runner.PolicyRunner" time="168.011" errors="0" timestamp="2021-11-16T06:51:30 SAST" skipped="0">
  <testcase classname="runner.PolicyRunner" name="PolicybyPolicyReference" time="17.462"/>
  <system-out/>
  <testcase classname="runner.PolicyRunner" name="PolicyListbyPolicyNumber" time="20.591"/>
  <system-out/>
  <testcase classname="runner.PolicyRunner" name="PolicybyIdentityNumber" time="2.435"/>
  <system-out/>
  <testcase classname="runner.PolicyRunner" name="DocumentsbyPolicyReference" time="64.520"/>
  <system-out/>
  <testcase classname="runner.PolicyRunner" name="UpdateBankAccountAndDebitDay" time="21.553"/>
  <system-out/>
  <testcase classname="runner.PolicyRunner" name="TESTPolicyHolderUpdate" time="11.373"/>
  <system-out/>
  <testcase classname="runner.PolicyRunner" name="UpdatePolicyHolder" time="11.239"/>
  <system-out/>
  <testcase classname="runner.PolicyRunner" name="ChangeBeneficiaries" time="7.991"/>
  <system-out/>
  <testcase classname="runner.PolicyRunner" name="UploadDocument" time="10.847"/>
  <system-out/>
</testsuite> <!-- runner.PolicyRunner -->
