<?xml version="1.0" encoding="UTF-8"?>
<!-- Generated by org.testng.reporters.JUnitReportReporter -->
<testsuite skipped="0" hostname="SOF046" name="com.exergySoapRequest.ScreenAndVerifyPartyPerson" tests="1" failures="0" timestamp="2021-09-09T11:26:13 CAT" time="2.462" errors="0">
  <testcase name="validatStatusCode" time="2.462" classname="com.exergySoapRequest.ScreenAndVerifyPartyPerson"/>
  <system-out/>
</testsuite> <!-- com.exergySoapRequest.ScreenAndVerifyPartyPerson -->
