<?xml version="1.0" encoding="UTF-8"?>
<!-- Generated by org.testng.reporters.JUnitReportReporter -->
<testsuite skipped="0" hostname="Thabos-Air" name="runner.SoapTestsRunner" tests="7" failures="0" timestamp="2021-10-14T14:02:39 SAST" time="29.274" errors="0">
  <testcase name="validatePersonHighRisk" time="7.288" classname="runner.SoapTestsRunner"/>
  <system-out/>
  <testcase name="validatePersonPassPortNumber" time="3.719" classname="runner.SoapTestsRunner"/>
  <system-out/>
  <testcase name="validatePassPortValid" time="8.317" classname="runner.SoapTestsRunner"/>
  <system-out/>
  <testcase name="validatePersonTest" time="3.360" classname="runner.SoapTestsRunner"/>
  <system-out/>
  <testcase name="validatePersonVeryHigh" time="2.993" classname="runner.SoapTestsRunner"/>
  <system-out/>
  <testcase name="validateOrganisation" time="0.428" classname="runner.SoapTestsRunner"/>
  <system-out/>
  <testcase name="ScreenAndVerifyPartyPerson" time="3.169" classname="runner.SoapTestsRunner"/>
  <system-out/>
</testsuite> <!-- runner.SoapTestsRunner -->
