<?xml version="1.0" encoding="UTF-8"?>
<!-- Generated by org.testng.reporters.JUnitReportReporter -->
<testsuite skipped="0" hostname="Thabos-Air" name="runner.ProductRunner" tests="1" failures="0" timestamp="2021-11-02T11:51:39 SAST" time="6.439" errors="0">
  <testcase name="TC_001_60100000" time="6.439" classname="runner.ProductRunner"/>
  <system-out/>
</testsuite> <!-- runner.ProductRunner -->
