<?xml version="1.0" encoding="UTF-8"?>
<!-- Generated by org.testng.reporters.JUnitReportReporter -->
<testsuite skipped="3" hostname="SOF046" name="runner.tt" tests="4" failures="0" timestamp="2021-09-20T22:52:23 CAT" time="15.464" errors="0">
  <testcase name="f4" time="15.464" classname="runner.tt"/>
  <system-out/>
  <testcase name="f2" classname="runner.tt">
    <skipped/>
  </testcase> <!-- f2 -->
  <system-out/>
  <testcase name="f3" classname="runner.tt">
    <skipped/>
  </testcase> <!-- f3 -->
  <system-out/>
  <testcase name="f" classname="runner.tt">
    <skipped/>
  </testcase> <!-- f -->
  <system-out/>
</testsuite> <!-- runner.tt -->
