<?xml version="1.0" encoding="UTF-8"?>
<!-- Generated by org.testng.reporters.JUnitReportReporter -->
<testsuite hostname="Tokyos-Air" failures="0" tests="9" name="runner.PolicyRunner" time="165.634" errors="0" timestamp="2021-11-11T05:30:57 SAST" skipped="0">
  <testcase classname="runner.PolicyRunner" name="PolicybyPolicyReference" time="16.448"/>
  <system-out/>
  <testcase classname="runner.PolicyRunner" name="PolicyListbyPolicyNumber" time="16.373"/>
  <system-out/>
  <testcase classname="runner.PolicyRunner" name="PolicybyIdentityNumber" time="4.913"/>
  <system-out/>
  <testcase classname="runner.PolicyRunner" name="DocumentsbyPolicyReference" time="60.862"/>
  <system-out/>
  <testcase classname="runner.PolicyRunner" name="UpdateBankAccountAndDebitDay" time="25.083"/>
  <system-out/>
  <testcase classname="runner.PolicyRunner" name="TESTPolicyHolderUpdate" time="13.197"/>
  <system-out/>
  <testcase classname="runner.PolicyRunner" name="UpdatePolicyHolder" time="11.572"/>
  <system-out/>
  <testcase classname="runner.PolicyRunner" name="ChangeBeneficiaries" time="15.489"/>
  <system-out/>
  <testcase classname="runner.PolicyRunner" name="UploadDocument" time="1.697"/>
  <system-out/>
</testsuite> <!-- runner.PolicyRunner -->
