<?xml version="1.0" encoding="UTF-8"?>
<!-- Generated by org.testng.reporters.JUnitReportReporter -->
<testsuite skipped="0" hostname="SOF046" name="com.exergySoapRequest.PersonPassportNumberValid" tests="1" failures="0" timestamp="2021-09-09T11:26:13 CAT" time="6.682" errors="0">
  <testcase name="validatePassPortValid" time="6.682" classname="com.exergySoapRequest.PersonPassportNumberValid"/>
  <system-out/>
</testsuite> <!-- com.exergySoapRequest.PersonPassportNumberValid -->
