<?xml version="1.0" encoding="UTF-8"?>
<!-- Generated by org.testng.reporters.JUnitReportReporter -->
<testsuite skipped="0" hostname="Thabos-Air" name="runner.PartyVerificationRestRunner" tests="1" failures="0" timestamp="2021-10-21T13:47:57 SAST" time="18.991" errors="0">
  <testcase name="TC_006_PersonIdentificationComprehensiveWithMortalityInformation_Invalid_ID" time="18.991" classname="runner.PartyVerificationRestRunner"/>
  <system-out/>
</testsuite> <!-- runner.PartyVerificationRestRunner -->
