<?xml version="1.0" encoding="UTF-8"?>
<!-- Generated by org.testng.reporters.JUnitReportReporter -->
<testsuite hostname="Tokyos-Air" failures="0" tests="35" name="runner.ApiTests" time="7.122" errors="0" timestamp="2021-10-08T06:58:25 SAST" skipped="34">
  <testcase classname="runner.ApiTests" name="createApplicationBeneficiaries" time="7.122"/>
  <system-out/>
  <testcase classname="runner.ApiTests" name="ChangeBeneficiaries">
    <skipped/>
  </testcase> <!-- ChangeBeneficiaries -->
  <system-out/>
  <testcase classname="runner.ApiTests" name="f10">
    <skipped/>
  </testcase> <!-- f10 -->
  <system-out/>
  <testcase classname="runner.ApiTests" name="QualificationProduct1960">
    <skipped/>
  </testcase> <!-- QualificationProduct1960 -->
  <system-out/>
  <testcase classname="runner.ApiTests" name="QualificationProduct60100001NegetiveTest">
    <skipped/>
  </testcase> <!-- QualificationProduct60100001NegetiveTest -->
  <system-out/>
  <testcase classname="runner.ApiTests" name="getApplication">
    <skipped/>
  </testcase> <!-- getApplication -->
  <system-out/>
  <testcase classname="runner.ApiTests" name="QualificationProduct60200000">
    <skipped/>
  </testcase> <!-- QualificationProduct60200000 -->
  <system-out/>
  <testcase classname="runner.ApiTests" name="f7">
    <skipped/>
  </testcase> <!-- f7 -->
  <system-out/>
  <testcase classname="runner.ApiTests" name="f9">
    <skipped/>
  </testcase> <!-- f9 -->
  <system-out/>
  <testcase classname="runner.ApiTests" name="TESTPolicyHolderUpdate">
    <skipped/>
  </testcase> <!-- TESTPolicyHolderUpdate -->
  <system-out/>
  <testcase classname="runner.ApiTests" name="f6">
    <skipped/>
  </testcase> <!-- f6 -->
  <system-out/>
  <testcase classname="runner.ApiTests" name="CreateApplicationPolicyHolder">
    <skipped/>
  </testcase> <!-- CreateApplicationPolicyHolder -->
  <system-out/>
  <testcase classname="runner.ApiTests" name="CreateApplication">
    <skipped/>
  </testcase> <!-- CreateApplication -->
  <system-out/>
  <testcase classname="runner.ApiTests" name="UpdateBankAccountAndDebitDay">
    <skipped/>
  </testcase> <!-- UpdateBankAccountAndDebitDay -->
  <system-out/>
  <testcase classname="runner.ApiTests" name="f8">
    <skipped/>
  </testcase> <!-- f8 -->
  <system-out/>
  <testcase classname="runner.ApiTests" name="createApplicationBenefits">
    <skipped/>
  </testcase> <!-- createApplicationBenefits -->
  <system-out/>
  <testcase classname="runner.ApiTests" name="PolicybyPolicyReference">
    <skipped/>
  </testcase> <!-- PolicybyPolicyReference -->
  <system-out/>
  <testcase classname="runner.ApiTests" name="CreateApplicationAcceptance">
    <skipped/>
  </testcase> <!-- CreateApplicationAcceptance -->
  <system-out/>
  <testcase classname="runner.ApiTests" name="UpdatePolicyHolder">
    <skipped/>
  </testcase> <!-- UpdatePolicyHolder -->
  <system-out/>
  <testcase classname="runner.ApiTests" name="CreateApplicationPremiumCollection">
    <skipped/>
  </testcase> <!-- CreateApplicationPremiumCollection -->
  <system-out/>
  <testcase classname="runner.ApiTests" name="createApplicationStatus">
    <skipped/>
  </testcase> <!-- createApplicationStatus -->
  <system-out/>
  <testcase classname="runner.ApiTests" name="NIFPolicyHolderUpdate">
    <skipped/>
  </testcase> <!-- NIFPolicyHolderUpdate -->
  <system-out/>
  <testcase classname="runner.ApiTests" name="DocumentsbyPolicyReference">
    <skipped/>
  </testcase> <!-- DocumentsbyPolicyReference -->
  <system-out/>
  <testcase classname="runner.ApiTests" name="UploadDocument">
    <skipped/>
  </testcase> <!-- UploadDocument -->
  <system-out/>
  <testcase classname="runner.ApiTests" name="PolicyListbyPolicyNumber">
    <skipped/>
  </testcase> <!-- PolicyListbyPolicyNumber -->
  <system-out/>
  <testcase classname="runner.ApiTests" name="Rates">
    <skipped/>
  </testcase> <!-- Rates -->
  <system-out/>
  <testcase classname="runner.ApiTests" name="QualificationProduct60100000">
    <skipped/>
  </testcase> <!-- QualificationProduct60100000 -->
  <system-out/>
  <testcase classname="runner.ApiTests" name="f3">
    <skipped/>
  </testcase> <!-- f3 -->
  <system-out/>
  <testcase classname="runner.ApiTests" name="f5">
    <skipped/>
  </testcase> <!-- f5 -->
  <system-out/>
  <testcase classname="runner.ApiTests" name="f2">
    <skipped/>
  </testcase> <!-- f2 -->
  <system-out/>
  <testcase classname="runner.ApiTests" name="f4">
    <skipped/>
  </testcase> <!-- f4 -->
  <system-out/>
  <testcase classname="runner.ApiTests" name="PolicybyIdentityNumber">
    <skipped/>
  </testcase> <!-- PolicybyIdentityNumber -->
  <system-out/>
  <testcase classname="runner.ApiTests" name="f1">
    <skipped/>
  </testcase> <!-- f1 -->
  <system-out/>
  <testcase classname="runner.ApiTests" name="QualificationProduct60200001NegetiveTest">
    <skipped/>
  </testcase> <!-- QualificationProduct60200001NegetiveTest -->
  <system-out/>
  <testcase classname="runner.ApiTests" name="f0">
    <skipped/>
  </testcase> <!-- f0 -->
  <system-out/>
</testsuite> <!-- runner.ApiTests -->
