<?xml version="1.0" encoding="UTF-8"?>
<!-- Generated by org.testng.reporters.JUnitReportReporter -->
<testsuite skipped="0" hostname="SOF046" name="com.exergySoapRequest.PersonPassportNumber" tests="1" failures="0" timestamp="2021-09-16T18:58:48 CAT" time="6.664" errors="0">
  <testcase name="validatePersonPassPortNumber" time="6.664" classname="com.exergySoapRequest.PersonPassportNumber"/>
  <system-out/>
</testsuite> <!-- com.exergySoapRequest.PersonPassportNumber -->
