<?xml version="1.0" encoding="UTF-8"?>
<!-- Generated by org.testng.reporters.JUnitReportReporter -->
<testsuite hostname="Tokyos-Air" failures="0" tests="1" name="runner.ProductRunner" time="7.715" errors="0" timestamp="2021-11-03T13:27:45 SAST" skipped="0">
  <testcase classname="runner.ProductRunner" name="TC_ProductRules1To9" time="7.715"/>
  <system-out/>
</testsuite> <!-- runner.ProductRunner -->
