<?xml version="1.0" encoding="UTF-8"?>
<!-- Generated by org.testng.reporters.JUnitReportReporter -->
<testsuite skipped="0" hostname="Brads-MacBook-Air.local" name="runner.ProductRunner" tests="1" failures="0" timestamp="2021-11-03T15:02:13 SAST" time="11.933" errors="0">
  <testcase name="TC_ProductRules1To9" time="11.933" classname="runner.ProductRunner"/>
  <system-out/>
</testsuite> <!-- runner.ProductRunner -->
