<?xml version="1.0" encoding="UTF-8"?>
<!-- Generated by org.testng.reporters.JUnitReportReporter -->
<testsuite skipped="0" hostname="SOF046" name="runner.RestApiRunner" tests="2" failures="0" timestamp="2021-09-01T10:17:27 CAT" time="22.781" errors="0">
  <testcase name="runScenario" time="16.401" classname="runner.RestApiRunner"/>
  <system-out/>
  <testcase name="runScenario" time="6.380" classname="runner.RestApiRunner"/>
  <system-out/>
</testsuite> <!-- runner.RestApiRunner -->
