<?xml version="1.0" encoding="UTF-8"?>
<!-- Generated by org.testng.reporters.JUnitReportReporter -->
<testsuite hostname="Tokyos-Air" failures="0" tests="4" name="runner.CollectionRunner" time="40.952" errors="0" timestamp="2021-11-09T05:26:20 SAST" skipped="0">
  <testcase classname="runner.CollectionRunner" name="TC01PolicyByReferenceNumber" time="29.990"/>
  <system-out/>
  <testcase classname="runner.CollectionRunner" name="validateCreateCollections" time="2.291"/>
  <system-out/>
  <testcase classname="runner.CollectionRunner" name="TC03ConfirmCollection" time="4.634"/>
  <system-out/>
  <testcase classname="runner.CollectionRunner" name="TC04CancelCollection" time="4.037"/>
  <system-out/>
</testsuite> <!-- runner.CollectionRunner -->
