<?xml version="1.0" encoding="UTF-8"?>
<!-- Generated by org.testng.reporters.JUnitReportReporter -->
<testsuite skipped="0" hostname="SOF046" name="com.exergySoapRequest.PersonVeryHigh" tests="1" failures="0" timestamp="2021-09-09T11:26:13 CAT" time="2.863" errors="0">
  <testcase name="validatePersonVeryHigh" time="2.863" classname="com.exergySoapRequest.PersonVeryHigh"/>
  <system-out/>
</testsuite> <!-- com.exergySoapRequest.PersonVeryHigh -->
