<?xml version="1.0" encoding="UTF-8"?>
<!-- Generated by org.testng.reporters.JUnitReportReporter -->
<testsuite skipped="0" hostname="Brads-MacBook-Air.local" name="runner.PolicyRunner" tests="9" failures="0" timestamp="2021-10-22T07:53:48 SAST" time="171.622" errors="0">
  <testcase name="PolicybyPolicyReference" time="5.398" classname="runner.PolicyRunner"/>
  <system-out/>
  <testcase name="PolicyListbyPolicyNumber" time="20.019" classname="runner.PolicyRunner"/>
  <system-out/>
  <testcase name="PolicybyIdentityNumber" time="19.581" classname="runner.PolicyRunner"/>
  <system-out/>
  <testcase name="DocumentsbyPolicyReference" time="59.893" classname="runner.PolicyRunner"/>
  <system-out/>
  <testcase name="UpdateBankAccountAndDebitDay" time="29.629" classname="runner.PolicyRunner"/>
  <system-out/>
  <testcase name="TESTPolicyHolderUpdate" time="9.071" classname="runner.PolicyRunner"/>
  <system-out/>
  <testcase name="UpdatePolicyHolder" time="14.622" classname="runner.PolicyRunner"/>
  <system-out/>
  <testcase name="ChangeBeneficiaries" time="10.206" classname="runner.PolicyRunner"/>
  <system-out/>
  <testcase name="UploadDocument" time="3.203" classname="runner.PolicyRunner"/>
  <system-out/>
</testsuite> <!-- runner.PolicyRunner -->
