<?xml version="1.0" encoding="UTF-8"?>
<!-- Generated by org.testng.reporters.JUnitReportReporter -->
<testsuite hostname="Tokyos-Air" failures="0" tests="1" name="runner.CollectionRunner" time="47.699" errors="0" timestamp="2021-10-18T15:11:59 SAST" skipped="0">
  <testcase classname="runner.CollectionRunner" name="TC01PolicyByReferenceNumber" time="47.699"/>
  <system-out/>
</testsuite> <!-- runner.CollectionRunner -->
