<?xml version="1.0" encoding="UTF-8"?>
<!-- Generated by org.testng.reporters.JUnitReportReporter -->
<testsuite skipped="4" hostname="Thabos-Air" name="runner.PolicyRunner" tests="14" failures="1" timestamp="2021-10-13T15:09:42 SAST" time="263.347" errors="0">
  <testcase name="PolicybyPolicyReference" time="10.136" classname="runner.PolicyRunner"/>
  <system-out/>
  <testcase name="PolicyListbyPolicyNumber" time="23.728" classname="runner.PolicyRunner"/>
  <system-out/>
  <testcase name="PolicybyIdentityNumber" time="60.807" classname="runner.PolicyRunner"/>
  <system-out/>
  <testcase name="DocumentsbyPolicyReference" time="73.674" classname="runner.PolicyRunner"/>
  <system-out/>
  <testcase name="UpdateBankAccountAndDebitDay" time="20.496" classname="runner.PolicyRunner"/>
  <system-out/>
  <testcase name="TESTPolicyHolderUpdate" time="10.813" classname="runner.PolicyRunner"/>
  <system-out/>
  <testcase name="ChangeBeneficiaries" time="26.308" classname="runner.PolicyRunner"/>
  <system-out/>
  <testcase name="UploadDocument" time="23.008" classname="runner.PolicyRunner"/>
  <system-out/>
  <testcase name="UpdatePolicyHolder" time="11.248" classname="runner.PolicyRunner"/>
  <system-out/>
  <testcase name="NIFPolicyHolderUpdate" time="3.129" classname="runner.PolicyRunner">
    <failure type="java.lang.AssertionError" message="The following asserts failed:
	expected [true] but found [false]">
      <![CDATA[java.lang.AssertionError: The following asserts failed:
expected [true] but found [false]
at org.testng.asserts.SoftAssert.assertAll(SoftAssert.java:47)
at org.testng.asserts.SoftAssert.assertAll(SoftAssert.java:31)
at runner.PolicyRunner.NIFPolicyHolderUpdate(PolicyRunner.java:104)
at sun.reflect.NativeMethodAccessorImpl.invoke0(Native Method)
at sun.reflect.NativeMethodAccessorImpl.invoke(NativeMethodAccessorImpl.java:62)
at sun.reflect.DelegatingMethodAccessorImpl.invoke(DelegatingMethodAccessorImpl.java:43)
at java.lang.reflect.Method.invoke(Method.java:498)
at org.testng.internal.MethodInvocationHelper.invokeMethod(MethodInvocationHelper.java:133)
at org.testng.internal.TestInvoker.invokeMethod(TestInvoker.java:598)
at org.testng.internal.TestInvoker.invokeTestMethod(TestInvoker.java:173)
at org.testng.internal.MethodRunner.runInSequence(MethodRunner.java:46)
at org.testng.internal.TestInvoker$MethodInvocationAgent.invoke(TestInvoker.java:824)
at org.testng.internal.TestInvoker.invokeTestMethods(TestInvoker.java:146)
at org.testng.internal.TestMethodWorker.invokeTestMethods(TestMethodWorker.java:146)
at org.testng.internal.TestMethodWorker.run(TestMethodWorker.java:128)
at java.util.ArrayList.forEach(ArrayList.java:1259)
at org.testng.TestRunner.privateRun(TestRunner.java:794)
at org.testng.TestRunner.run(TestRunner.java:596)
at org.testng.SuiteRunner.runTest(SuiteRunner.java:377)
at org.testng.SuiteRunner.runSequentially(SuiteRunner.java:371)
at org.testng.SuiteRunner.privateRun(SuiteRunner.java:332)
at org.testng.SuiteRunner.run(SuiteRunner.java:276)
at org.testng.SuiteRunnerWorker.runSuite(SuiteRunnerWorker.java:53)
at org.testng.SuiteRunnerWorker.run(SuiteRunnerWorker.java:96)
at org.testng.TestNG.runSuitesSequentially(TestNG.java:1212)
at org.testng.TestNG.runSuitesLocally(TestNG.java:1134)
at org.testng.TestNG.runSuites(TestNG.java:1063)
at org.testng.TestNG.run(TestNG.java:1031)
at org.testng.remote.AbstractRemoteTestNG.run(AbstractRemoteTestNG.java:115)
at org.testng.remote.RemoteTestNG.initAndRun(RemoteTestNG.java:251)
at org.testng.remote.RemoteTestNG.main(RemoteTestNG.java:77)
]]>
    </failure>
  </testcase> <!-- NIFPolicyHolderUpdate -->
  <system-out/>
  <testcase name="f0" classname="runner.PolicyRunner">
    <skipped/>
  </testcase> <!-- f0 -->
  <system-out/>
  <testcase name="f2" classname="runner.PolicyRunner">
    <skipped/>
  </testcase> <!-- f2 -->
  <system-out/>
  <testcase name="f1" classname="runner.PolicyRunner">
    <skipped/>
  </testcase> <!-- f1 -->
  <system-out/>
  <testcase name="f3" classname="runner.PolicyRunner">
    <skipped/>
  </testcase> <!-- f3 -->
  <system-out/>
</testsuite> <!-- runner.PolicyRunner -->
