<?xml version="1.0" encoding="UTF-8"?>
<!-- Generated by org.testng.reporters.JUnitReportReporter -->
<testsuite hostname="Tokyos-Air" failures="0" tests="1" name="runner.Runner" time="9.693" errors="0" timestamp="2023-03-16T09:53:03 SAST" skipped="0">
  <testcase classname="runner.Runner" name="AddPet" time="9.693"/>
  <system-out/>
</testsuite> <!-- runner.Runner -->
