<?xml version="1.0" encoding="UTF-8"?>
<!-- Generated by org.testng.reporters.JUnitReportReporter -->
<testsuite skipped="5" hostname="SOF046" name="runner.ApiTests" tests="11" failures="0" timestamp="2021-09-30T02:35:23 CAT" time="33.403" errors="0">
  <testcase name="f4" time="15.299" classname="runner.ApiTests"/>
  <system-out/>
  <testcase name="f5" time="3.162" classname="runner.ApiTests"/>
  <system-out/>
  <testcase name="f6" time="6.877" classname="runner.ApiTests"/>
  <system-out/>
  <testcase name="f7" time="3.188" classname="runner.ApiTests"/>
  <system-out/>
  <testcase name="f8" time="2.218" classname="runner.ApiTests"/>
  <system-out/>
  <testcase name="f10" time="2.659" classname="runner.ApiTests"/>
  <system-out/>
  <testcase name="f9" classname="runner.ApiTests">
    <skipped/>
  </testcase> <!-- f9 -->
  <system-out/>
  <testcase name="f3" classname="runner.ApiTests">
    <skipped/>
  </testcase> <!-- f3 -->
  <system-out/>
  <testcase name="f2" classname="runner.ApiTests">
    <skipped/>
  </testcase> <!-- f2 -->
  <system-out/>
  <testcase name="f1" classname="runner.ApiTests">
    <skipped/>
  </testcase> <!-- f1 -->
  <system-out/>
  <testcase name="f0" classname="runner.ApiTests">
    <skipped/>
  </testcase> <!-- f0 -->
  <system-out/>
</testsuite> <!-- runner.ApiTests -->
