<?xml version="1.0" encoding="UTF-8"?>
<!-- Generated by org.testng.reporters.JUnitReportReporter -->
<testsuite skipped="4" hostname="Thabos-Air" name="runner.PolicyRunner" tests="13" failures="0" timestamp="2021-10-14T14:39:01 SAST" time="187.363" errors="0">
  <testcase name="PolicybyPolicyReference" time="9.304" classname="runner.PolicyRunner"/>
  <system-out/>
  <testcase name="PolicyListbyPolicyNumber" time="12.369" classname="runner.PolicyRunner"/>
  <system-out/>
  <testcase name="PolicybyIdentityNumber" time="16.495" classname="runner.PolicyRunner"/>
  <system-out/>
  <testcase name="DocumentsbyPolicyReference" time="60.682" classname="runner.PolicyRunner"/>
  <system-out/>
  <testcase name="UpdateBankAccountAndDebitDay" time="28.943" classname="runner.PolicyRunner"/>
  <system-out/>
  <testcase name="TESTPolicyHolderUpdate" time="8.824" classname="runner.PolicyRunner"/>
  <system-out/>
  <testcase name="UpdatePolicyHolder" time="9.371" classname="runner.PolicyRunner"/>
  <system-out/>
  <testcase name="ChangeBeneficiaries" time="25.093" classname="runner.PolicyRunner"/>
  <system-out/>
  <testcase name="UploadDocument" time="16.282" classname="runner.PolicyRunner"/>
  <system-out/>
  <testcase name="f0" classname="runner.PolicyRunner">
    <skipped/>
  </testcase> <!-- f0 -->
  <system-out/>
  <testcase name="f2" classname="runner.PolicyRunner">
    <skipped/>
  </testcase> <!-- f2 -->
  <system-out/>
  <testcase name="f1" classname="runner.PolicyRunner">
    <skipped/>
  </testcase> <!-- f1 -->
  <system-out/>
  <testcase name="f3" classname="runner.PolicyRunner">
    <skipped/>
  </testcase> <!-- f3 -->
  <system-out/>
</testsuite> <!-- runner.PolicyRunner -->
