<?xml version="1.0" encoding="UTF-8"?>
<!-- Generated by org.testng.reporters.JUnitReportReporter -->
<testsuite hostname="Tokyos-Air" failures="0" tests="7" name="runner.SoapTestsRunner" time="82.544" errors="0" timestamp="2021-10-10T19:31:55 SAST" skipped="0">
  <testcase classname="runner.SoapTestsRunner" name="validatePersonHighRisk" time="4.604"/>
  <system-out/>
  <testcase classname="runner.SoapTestsRunner" name="validatePersonPassPortNumber" time="4.985"/>
  <system-out/>
  <testcase classname="runner.SoapTestsRunner" name="validatePassPortValid" time="63.672"/>
  <system-out/>
  <testcase classname="runner.SoapTestsRunner" name="validatePersonTest" time="2.963"/>
  <system-out/>
  <testcase classname="runner.SoapTestsRunner" name="validatePersonVeryHigh" time="3.076"/>
  <system-out/>
  <testcase classname="runner.SoapTestsRunner" name="validateOrganisation" time="0.448"/>
  <system-out/>
  <testcase classname="runner.SoapTestsRunner" name="ScreenAndVerifyPartyPerson" time="2.796"/>
  <system-out/>
</testsuite> <!-- runner.SoapTestsRunner -->
