<?xml version="1.0" encoding="UTF-8"?>
<!-- Generated by org.testng.reporters.JUnitReportReporter -->
<testsuite hostname="Tokyos-Air" failures="0" tests="4" name="runner.CollectionRunner" time="57.832" errors="0" timestamp="2021-10-26T12:18:31 SAST" skipped="0">
  <testcase classname="runner.CollectionRunner" name="TC01PolicyByReferenceNumber" time="45.805"/>
  <system-out/>
  <testcase classname="runner.CollectionRunner" name="validateCreateCollections" time="3.228"/>
  <system-out/>
  <testcase classname="runner.CollectionRunner" name="TC03ConfirmCollection" time="4.880"/>
  <system-out/>
  <testcase classname="runner.CollectionRunner" name="TC04CancelCollection" time="3.919"/>
  <system-out/>
</testsuite> <!-- runner.CollectionRunner -->
