<?xml version="1.0" encoding="UTF-8"?>
<!-- Generated by org.testng.reporters.JUnitReportReporter -->
<testsuite hostname="Tokyos-Air" failures="0" tests="1" name="runner.ApplicationRunner" time="5.935" errors="0" timestamp="2021-10-08T08:49:44 SAST" skipped="0">
  <testcase classname="runner.ApplicationRunner" name="createApplicationBeneficiaries" time="5.935"/>
  <system-out/>
</testsuite> <!-- runner.ApplicationRunner -->
